"../../../../GameDev/Z. Projects/SRPG/Content/SRPG/Blueprints/CharacterAssets/BP_PlayerCameraManager.uasset" 0
"../../../../GameDev/Z. Projects/SRPG/Content/SRPG/Blueprints/CharacterAssets/BP_SRPGPlayerController.uasset" 1
"../../../../GameDev/Z. Projects/SRPG/Content/SRPG/Blueprints/BuildSystem/M_SpawnMaterial.uasset" 2
"../../../../GameDev/Z. Projects/SRPG/Content/SRPG/Blueprints/BuildSystem/MI_SpawnMaterial.uasset" 3
"../../../../GameDev/Z. Projects/SRPG/Content/SRPG/Blueprints/InteractionSystem/WBP_InteractionOption.uasset" 4
"../../../Engine/Content/EditorBlueprintResources/StandardMacros.uasset" 5
"../../../../GameDev/Z. Projects/SRPG/Content/SRPG/Blueprints/InteractionSystem/WBP_InteractionMenu.uasset" 6
"../../../../GameDev/Z. Projects/SRPG/Content/SRPG/Blueprints/InteractionSystem/BPC_InteractableObjectComponent.uasset" 7
"../../../../GameDev/Z. Projects/SRPG/Content/SRPG/Blueprints/InteractionSystem/BPC_PlayerInteractionSensor.uasset" 8
"../../../../GameDev/Z. Projects/SRPG/Content/SRPG/Blueprints/BuildSystem/BPI_BuildSystem.uasset" 9
"../../../../GameDev/Z. Projects/SRPG/Content/SRPG/Blueprints/BuildSystem/BP_SnapPointActor.uasset" 10
"../../../../GameDev/Z. Projects/SRPG/Content/SRPG/Blueprints/BuildSystem/BPC_SnapPointSpawn.uasset" 11
"../../../../GameDev/Z. Projects/SRPG/Content/SRPG/Blueprints/BuildSystem/BP_BuildingRoot.uasset" 12
"../../../Engine/Content/EditorBlueprintResources/ActorMacros.uasset" 13
"../../../../GameDev/Z. Projects/SRPG/Content/SRPG/Blueprints/BuildSystem/BP_BuildingPieceBase.uasset" 14
"../../../../GameDev/Z. Projects/SRPG/Content/SRPG/Blueprints/BuildSystem/BPC_PlayerBuildManager.uasset" 15
"../../../../GameDev/Z. Projects/SRPG/Content/SRPG/Characters/UE4Character/Mesh/PA_UE4Character.uasset" 16
"../../../../GameDev/Z. Projects/SRPG/Content/SRPG/Characters/UE4Character/Materials/Textures/UE4Man_Logo_N.uasset" 17
"../../../../GameDev/Z. Projects/SRPG/Content/SRPG/Characters/UE4Character/Materials/Textures/UE4_Mannequin_MAT_MASKA.uasset" 18
"../../../../GameDev/Z. Projects/SRPG/Content/SRPG/Characters/UE4Character/Materials/Textures/UE4_Mannequin__normals.uasset" 19
"../../../../GameDev/Z. Projects/SRPG/Content/SRPG/Characters/UE4Character/Materials/Textures/UE4_LOGO_CARD.uasset" 20
"../../../../GameDev/Z. Projects/SRPG/Content/SRPG/Characters/UE4Character/Materials/MaterialLayers/T_ML_Rubber_Blue_01_N.uasset" 21
"../../../../GameDev/Z. Projects/SRPG/Content/SRPG/Characters/UE4Character/Materials/MaterialLayers/T_ML_Rubber_Blue_01_D.uasset" 22
"../../../../GameDev/Z. Projects/SRPG/Content/SRPG/Characters/UE4Character/Materials/MaterialLayers/T_ML_Aluminum01_N.uasset" 23
"../../../../GameDev/Z. Projects/SRPG/Content/SRPG/Characters/UE4Character/Materials/MaterialLayers/T_ML_Aluminum01.uasset" 24
"../../../../GameDev/Z. Projects/SRPG/Content/SRPG/Characters/UE4Character/Materials/MaterialLayers/ML_SoftMetal_UE4.uasset" 25
"../../../../GameDev/Z. Projects/SRPG/Content/SRPG/Characters/UE4Character/Materials/MaterialLayers/ML_Plastic_Shiny_Beige_LOGO.uasset" 26
"../../../../GameDev/Z. Projects/SRPG/Content/SRPG/Characters/UE4Character/Materials/MaterialLayers/ML_Plastic_Shiny_Beige.uasset" 27
"../../../../GameDev/Z. Projects/SRPG/Content/SRPG/Characters/UE4Character/Materials/MaterialLayers/ML_GlossyBlack_Latex_UE4.uasset" 28
"../../../Engine/Content/Functions/MaterialLayerFunctions/MatLayerBlend_Simple.uasset" 29
"../../../Engine/Content/Functions/Engine_MaterialFunctions02/Utility/BlendAngleCorrectedNormals.uasset" 30
"../../../Engine/Content/Functions/MaterialLayerFunctions/MatLayerBlend_NormalBlend.uasset" 31
"../../../../GameDev/Z. Projects/SRPG/Content/SRPG/Characters/UE4Character/Materials/M_UE4Man_Body.uasset" 32
"../../../../GameDev/Z. Projects/SRPG/Content/SRPG/Characters/UE4Character/Materials/M_UE4Man_ChestLogo.uasset" 33
"../../../Engine/Content/EngineMeshes/Humanoid.uasset" 34
"../../../../GameDev/Z. Projects/SRPG/Content/SRPG/Characters/UE4Character/Mesh/SK_UE4Character.uasset" 35
"../../../../GameDev/Z. Projects/SRPG/Content/SRPG/Characters/UE4Character/Mesh/SM_UE4Character.uasset" 36
"../../../../GameDev/Z. Projects/SRPG/Content/SRPG/Blueprints/MenuSystem/CharacterMenu/RT_PlayerEquipment.uasset" 37
"../../../../GameDev/Z. Projects/SRPG/Content/SRPG/Blueprints/MenuSystem/CharacterMenu/M_PlayerEquipment.uasset" 38
"../../../../GameDev/Z. Projects/SRPG/Content/SRPG/Blueprints/InventorySystem/FGridSlotStatus.uasset" 39
"../../../../GameDev/Z. Projects/SRPG/Content/SRPG/Blueprints/InventorySystem/WBP_QuantityPromt.uasset" 40
"../../../../GameDev/Z. Projects/SRPG/Content/SRPG/Blueprints/InventorySystem/WBP_ItemContextMenu.uasset" 41
"../../../../GameDev/Z. Projects/SRPG/Content/SRPG/Blueprints/InventorySystem/BP_InventoryDragDrop.uasset" 42
"../../../Engine/Content/EngineFonts/Faces/RobotoRegular.uasset" 43
"../../../Engine/Content/EngineFonts/Faces/RobotoLight.uasset" 44
"../../../Engine/Content/EngineFonts/Faces/RobotoItalic.uasset" 45
"../../../Engine/Content/EngineFonts/Faces/RobotoBoldItalic.uasset" 46
"../../../Engine/Content/EngineFonts/Faces/RobotoBold.uasset" 47
"../../../Engine/Content/EngineFonts/Faces/DroidSansFallback.uasset" 48
"../../../Engine/Content/EngineFonts/Roboto.uasset" 49
"../../../../GameDev/Z. Projects/SRPG/Content/SRPG/Blueprints/MenuSystem/Templates/WBP_StandardButton.uasset" 50
"../../../../GameDev/Z. Projects/SRPG/Content/SRPG/Blueprints/ItemSystem/WBP_StorageContainerUI.uasset" 51
"../../../../GameDev/Z. Projects/SRPG/Content/SRPG/Blueprints/ItemSystem/WBP_CraftingRecipe.uasset" 52
"../../../../GameDev/Z. Projects/SRPG/Content/SRPG/Blueprints/ItemSystem/WBP_CraftingPart.uasset" 53
"../../../../GameDev/Z. Projects/SRPG/Content/SRPG/Blueprints/ItemSystem/WBP_CraftingUI.uasset" 54
"../../../../GameDev/Z. Projects/SRPG/Content/TestContent/Materials/M_MasterBaseColor.uasset" 55
"../../../../GameDev/Z. Projects/SRPG/Content/TestContent/Materials/MI_Brown.uasset" 56
"../../../../GameDev/Z. Projects/SRPG/Content/TestContent/Meshes/SM_Log_LP.uasset" 57
"../../../../GameDev/Z. Projects/SRPG/Content/SRPG/Blueprints/ItemSystem/BP_PickupBase.uasset" 58
"../../../../GameDev/Z. Projects/SRPG/Content/TestContent/Blueprints/BP_TestWoodPickup.uasset" 59
"../../../../GameDev/Z. Projects/SRPG/Content/TestContent/Materials/MI_Grey.uasset" 60
"../../../../GameDev/Z. Projects/SRPG/Content/TestContent/Meshes/SM_Rock_LP.uasset" 61
"../../../../GameDev/Z. Projects/SRPG/Content/TestContent/Blueprints/BP_TestPickup.uasset" 62
"../../../Engine/Content/EngineMaterials/T_Default_Material_Grid_N.uasset" 63
"../../../Engine/Content/EngineMaterials/T_Default_Material_Grid_M.uasset" 64
"../../../Engine/Content/Functions/Engine_MaterialFunctions01/Opacity/CameraDepthFade.uasset" 65
"../../../Engine/Content/EngineMaterials/WorldGridMaterial.uasset" 66
"../../../../GameDev/Z. Projects/SRPG/Content/TestContent/Meshes/SM_Ax_LP.uasset" 67
"../../../Engine/Content/Animation/DefaultAnimCurveCompressionSettings.uasset" 68
"../../../Engine/Content/Animation/DefaultAnimBoneCompressionSettings.uasset" 69
"../../../../GameDev/Z. Projects/SRPG/Content/TestContent/Animations/UE4_Mannequin_Skeleton_Two_Handed_Swing.uasset" 70
"../../../../GameDev/Z. Projects/SRPG/Content/TestContent/Animations/AM_TwoHandedSwing.uasset" 71
"../../../../GameDev/Z. Projects/SRPG/Content/SRPG/Blueprints/EquipmentSystem/BP_MeleeDamageTrace.uasset" 72
"../../../../GameDev/Z. Projects/SRPG/Content/SRPG/Blueprints/EquipmentSystem/BPC_PlayerEquipmentManager.uasset" 73
"../../../../GameDev/Z. Projects/SRPG/Content/SRPG/Blueprints/EquipmentSystem/BP_EquipmentBase.uasset" 74
"../../../../GameDev/Z. Projects/SRPG/Content/SRPG/Blueprints/EquipmentSystem/BP_WeaponBase.uasset" 75
"../../../../GameDev/Z. Projects/SRPG/Content/SRPG/Blueprints/EquipmentSystem/BP_MeleeWeapon.uasset" 76
"../../../../GameDev/Z. Projects/SRPG/Content/TestContent/Blueprints/BP_Ax.uasset" 77
"../../../../GameDev/Z. Projects/SRPG/Content/SRPG/Blueprints/ItemSystem/DT_CraftingRecipe.uasset" 78
"../../../../GameDev/Z. Projects/SRPG/Content/SRPG/Blueprints/ItemSystem/BPC_CraftingComponent.uasset" 79
"../../../../GameDev/Z. Projects/SRPG/Content/SRPG/Blueprints/ItemSystem/WBP_CraftingStationUI.uasset" 80
"../../../../GameDev/Z. Projects/SRPG/Content/SRPG/Blueprints/ItemSystem/WBP_CraftingStorageContainer.uasset" 81
"../../../../GameDev/Z. Projects/SRPG/Content/SRPG/Blueprints/InventorySystem/BPC_InventoryContainer.uasset" 82
"../../../../GameDev/Z. Projects/SRPG/Content/SRPG/Blueprints/InventorySystem/BPC_PlayerInventoryManager.uasset" 83
"../../../../GameDev/Z. Projects/SRPG/Content/SRPG/Blueprints/InventorySystem/WBP_InventoryItem.uasset" 84
"../../../../GameDev/Z. Projects/SRPG/Content/SRPG/Blueprints/EquipmentSystem/WBP_EquipmentIcon.uasset" 85
"../../../../GameDev/Z. Projects/SRPG/Content/SRPG/Blueprints/EquipmentSystem/BP_EquipmentDragDrop.uasset" 86
"../../../../GameDev/Z. Projects/SRPG/Content/SRPG/Blueprints/InventorySystem/WBP_InventoryGridSlot.uasset" 87
"../../../../GameDev/Z. Projects/SRPG/Content/SRPG/Blueprints/InventorySystem/WBP_InventoryContainer.uasset" 88
"../../../../GameDev/Z. Projects/SRPG/Content/SRPG/Blueprints/InventorySystem/WBP_InventoryPanel.uasset" 89
"../../../../GameDev/Z. Projects/SRPG/Content/SRPG/Blueprints/EquipmentSystem/WBP_EquipmentSlot.uasset" 90
"../../../../GameDev/Z. Projects/SRPG/Content/SRPG/Blueprints/MenuSystem/CharacterMenu/WBP_CharacterMenuContainer.uasset" 91
"../../../../GameDev/Z. Projects/SRPG/Content/SRPG/Blueprints/ItemSystem/WBP_PlayerCraftingUI.uasset" 92
"../../../../GameDev/Z. Projects/SRPG/Content/SRPG/Blueprints/MenuSystem/CharacterMenu/WBP_PlayerMenuContainer.uasset" 93
"../../../../GameDev/Z. Projects/SRPG/Content/TestContent/Materials/MI_Green.uasset" 94
"../../../../GameDev/Z. Projects/SRPG/Content/TestContent/Meshes/SM_Tree_LP.uasset" 95
"../../../../GameDev/Z. Projects/SRPG/Content/TestContent/Meshes/SM_Trunk_LP.uasset" 96
"../../../../GameDev/Z. Projects/SRPG/Content/SRPG/Blueprints/EnviornmentSystem/BP_CustomFoliageComponent.uasset" 97
"../../../../GameDev/Z. Projects/SRPG/Content/SRPG/Blueprints/EnviornmentSystem/BP_FoliageManager.uasset" 98
"../../../../GameDev/Z. Projects/SRPG/Content/SRPG/Blueprints/EnviornmentSystem/BP_BaseCustomFoliage.uasset" 99
"../../../../GameDev/Z. Projects/SRPG/Content/TestContent/Blueprints/BP_TestFoliageTree.uasset" 100
"../../../../GameDev/Z. Projects/SRPG/Content/SRPG/Blueprints/EnviornmentSystem/DT_FoliageInformation.uasset" 101
"../../../../GameDev/Z. Projects/SRPG/Content/SRPG/Blueprints/EnviornmentSystem/BP_PlayerFoliageManager.uasset" 102
"../../../../GameDev/Z. Projects/SRPG/Content/SRPG/Characters/UE4Character/Animations/A_Walk_RStrafe_1.uasset" 103
"../../../../GameDev/Z. Projects/SRPG/Content/SRPG/Characters/UE4Character/Animations/A_Walk_RBackward.uasset" 104
"../../../../GameDev/Z. Projects/SRPG/Content/SRPG/Characters/UE4Character/Animations/A_Walk_LStrafe_1.uasset" 105
"../../../../GameDev/Z. Projects/SRPG/Content/SRPG/Characters/UE4Character/Animations/A_Walk_LBackward.uasset" 106
"../../../../GameDev/Z. Projects/SRPG/Content/SRPG/Characters/UE4Character/Animations/A_Walk_Forward.uasset" 107
"../../../../GameDev/Z. Projects/SRPG/Content/SRPG/Characters/UE4Character/Animations/A_Walk_Backward.uasset" 108
"../../../../GameDev/Z. Projects/SRPG/Content/SRPG/Characters/UE4Character/Animations/A_Run_RStrafe.uasset" 109
"../../../../GameDev/Z. Projects/SRPG/Content/SRPG/Characters/UE4Character/Animations/A_Run_LStrafe.uasset" 110
"../../../../GameDev/Z. Projects/SRPG/Content/SRPG/Characters/UE4Character/Animations/A_Run_Forward.uasset" 111
"../../../../GameDev/Z. Projects/SRPG/Content/SRPG/Characters/UE4Character/Animations/A_RunBackward_R.uasset" 112
"../../../../GameDev/Z. Projects/SRPG/Content/SRPG/Characters/UE4Character/Animations/A_RunBackward_L.uasset" 113
"../../../../GameDev/Z. Projects/SRPG/Content/SRPG/Characters/UE4Character/Animations/A_RunBackward.uasset" 114
"../../../../GameDev/Z. Projects/SRPG/Content/SRPG/Characters/UE4Character/Animations/A_Idle.uasset" 115
"../../../../GameDev/Z. Projects/SRPG/Content/SRPG/Characters/UE4Character/Animations/BS_IdleWalkRun.uasset" 116
"../../../../GameDev/Z. Projects/SRPG/Content/SRPG/Characters/UE4Character/Animations/A_Crouch_Right.uasset" 117
"../../../../GameDev/Z. Projects/SRPG/Content/SRPG/Characters/UE4Character/Animations/A_Crouch_Left.uasset" 118
"../../../../GameDev/Z. Projects/SRPG/Content/SRPG/Characters/UE4Character/Animations/A_Crouch_Forward.uasset" 119
"../../../../GameDev/Z. Projects/SRPG/Content/SRPG/Characters/UE4Character/Animations/A_Crouch_Backward_R.uasset" 120
"../../../../GameDev/Z. Projects/SRPG/Content/SRPG/Characters/UE4Character/Animations/A_Crouch_Backward_L.uasset" 121
"../../../../GameDev/Z. Projects/SRPG/Content/SRPG/Characters/UE4Character/Animations/A_Crouch_Backward.uasset" 122
"../../../../GameDev/Z. Projects/SRPG/Content/SRPG/Characters/UE4Character/Animations/A_Crouching_Idle.uasset" 123
"../../../../GameDev/Z. Projects/SRPG/Content/SRPG/Characters/UE4Character/Animations/BS_Crouch.uasset" 124
"../../../../GameDev/Z. Projects/SRPG/Content/SRPG/Characters/UE4Character/Animations/A_FallLoop_Straight.uasset" 125
"../../../../GameDev/Z. Projects/SRPG/Content/SRPG/Characters/UE4Character/Animations/AnimBP_CharacterMovement.uasset" 126
"../../../../GameDev/Z. Projects/SRPG/Content/TestContent/Meshes/BuildingPieces/SM_Wall_LP.uasset" 127
"../../../../GameDev/Z. Projects/SRPG/Content/SRPG/Blueprints/BuildSystem/BP_WallPieceBase.uasset" 128
"../../../../GameDev/Z. Projects/SRPG/Content/TestContent/Blueprints/BuildingSystem/BP_TestWall.uasset" 129
"../../../../GameDev/Z. Projects/SRPG/Content/TestContent/Meshes/BuildingPieces/SM_SlopedWall1_LP.uasset" 130
"../../../../GameDev/Z. Projects/SRPG/Content/SRPG/Blueprints/BuildSystem/BP_SlopedWallBase1.uasset" 131
"../../../../GameDev/Z. Projects/SRPG/Content/TestContent/Blueprints/BuildingSystem/BP_TestSlopedWall1.uasset" 132
"../../../../GameDev/Z. Projects/SRPG/Content/TestContent/Meshes/BuildingPieces/SM_SlopedWall_LP.uasset" 133
"../../../../GameDev/Z. Projects/SRPG/Content/SRPG/Blueprints/BuildSystem/BP_SlopedWallBase.uasset" 134
"../../../../GameDev/Z. Projects/SRPG/Content/TestContent/Blueprints/BuildingSystem/BP_TestSlopedWall.uasset" 135
"../../../../GameDev/Z. Projects/SRPG/Content/TestContent/Meshes/BuildingPieces/SM_Roof_LP.uasset" 136
"../../../../GameDev/Z. Projects/SRPG/Content/SRPG/Blueprints/BuildSystem/BP_RoofBase.uasset" 137
"../../../../GameDev/Z. Projects/SRPG/Content/TestContent/Blueprints/BuildingSystem/BP_TestRoof.uasset" 138
"../../../../GameDev/Z. Projects/SRPG/Content/TestContent/Meshes/BuildingPieces/SM_Foundation_LP.uasset" 139
"../../../../GameDev/Z. Projects/SRPG/Content/SRPG/Blueprints/BuildSystem/BP_FoundationPieceBase.uasset" 140
"../../../../GameDev/Z. Projects/SRPG/Content/TestContent/Blueprints/BuildingSystem/BP_TestFoundation.uasset" 141
"../../../../GameDev/Z. Projects/SRPG/Content/TestContent/Blueprints/BuildingSystem/DT_BuildingData.uasset" 142
"../../../../GameDev/Z. Projects/SRPG/Content/SRPG/Blueprints/BuildSystem/WBP_BuildButton.uasset" 143
"../../../../GameDev/Z. Projects/SRPG/Content/SRPG/Blueprints/BuildSystem/WBP_BuildingMenu.uasset" 144
"../../../../GameDev/Z. Projects/SRPG/Content/SRPG/Blueprints/CharacterAssets/BP_SRPGCharacter.uasset" 145
"../../../../GameDev/Z. Projects/SRPG/Content/SRPG/Blueprints/BP_SRPGGameMode.uasset" 146
"../../../../GameDev/Z. Projects/SRPG/Content/SRPG/Blueprints/BuildSystem/BuildDamageType.uasset" 147
"../../../Engine/Content/Functions/Engine_MaterialFunctions01/Texturing/BitMask.uasset" 148
"../../../Engine/Content/Functions/Engine_MaterialFunctions01/ImageAdjustment/BlurSampleOffsets.uasset" 149
"../../../../GameDev/Z. Projects/SRPG/Content/SRPG/Blueprints/InteractionSystem/M_OutlinPostProcess.uasset" 150
"../../../../GameDev/Z. Projects/SRPG/Content/SRPG/Blueprints/InventorySystem/BP_AbstractInventoryContainer.uasset" 151
"../../../../GameDev/Z. Projects/SRPG/Content/SRPG/Blueprints/ItemSystem/WBP_StorageUI.uasset" 152
"../../../../GameDev/Z. Projects/SRPG/Content/SRPG/Characters/UE4Character/Mesh/ModularParts/SKM_UE4Man_Feet.uasset" 153
"../../../../GameDev/Z. Projects/SRPG/Content/SRPG/Characters/UE4Character/Mesh/ModularParts/SKM_UE4Man_Hands.uasset" 154
"../../../../GameDev/Z. Projects/SRPG/Content/SRPG/Characters/UE4Character/Mesh/ModularParts/SKM_UE4Man_Head.uasset" 155
"../../../../GameDev/Z. Projects/SRPG/Content/SRPG/Characters/UE4Character/Mesh/ModularParts/SKM_UE4Man_Legs.uasset" 156
"../../../../GameDev/Z. Projects/SRPG/Content/SRPG/Characters/UE4Character/Mesh/ModularParts/SKM_UE4Man_Torso.uasset" 157
"../../../../GameDev/Z. Projects/SRPG/Content/TestContent/Blueprints/BP_TestFoliageTreeDestructable.uasset" 158
"../../../../GameDev/Z. Projects/SRPG/Content/TestContent/Meshes/SM_Trunk_LP_DM.uasset" 159
"../../../../GameDev/Z. Projects/SRPG/Content/TestContent/Meshes/BuildingPieces/SM_Pilar_LP.uasset" 160
"../../../Engine/Content/ArtTools/RenderToTexture/Meshes/S_1_Unit_Plane.uasset" 161
"../../../Engine/Content/EngineMaterials/DefaultMaterial.uasset" 162
"../../../Engine/Content/BasicShapes/Cone.uasset" 163
"../../../Engine/Content/BasicShapes/Cube.uasset" 164
"../../../Engine/Content/BasicShapes/Plane.uasset" 165
"../../../Engine/Content/BasicShapes/Sphere.uasset" 166
"../../../Engine/Content/EditorLandscapeResources/DataLayer.uasset" 167
"../../../Engine/Content/EditorLandscapeResources/DefaultAlphaTexture.uasset" 168
"../../../Engine/Content/EditorMaterials/MAT_Groups_Toggle.uasset" 169
"../../../Engine/Content/EditorMaterials/MAT_Groups_Visibility.uasset" 170
"../../../Engine/Content/EditorMaterials/PreviewShadowIndicator.uasset" 171
"../../../Engine/Content/EditorMaterials/PreviewShadowIndicatorMaterial.uasset" 172
"../../../Engine/Content/EditorMaterials/MatineeGroups/MAT_ColorTrack.uasset" 173
"../../../Engine/Content/EditorMaterials/MatineeGroups/MAT_Groups_Anim.uasset" 174
"../../../Engine/Content/EditorMaterials/MatineeGroups/MAT_Groups_AudioMaster.uasset" 175
"../../../Engine/Content/EditorMaterials/MatineeGroups/MAT_Groups_Director.uasset" 176
"../../../Engine/Content/EditorMaterials/MatineeGroups/MAT_Groups_Event.uasset" 177
"../../../Engine/Content/EditorMaterials/MatineeGroups/MAT_Groups_Fade.uasset" 178
"../../../Engine/Content/EditorMaterials/MatineeGroups/MAT_Groups_Float.uasset" 179
"../../../Engine/Content/EditorMaterials/MatineeGroups/MAT_Groups_Move.uasset" 180
"../../../Engine/Content/EditorMaterials/MatineeGroups/MAT_Groups_Slomo.uasset" 181
"../../../Engine/Content/EditorMaterials/MatineeGroups/MAT_Groups_Sound.uasset" 182
"../../../Engine/Content/EditorMaterials/MatineeGroups/MAT_Groups_Vector.uasset" 183
"../../../Engine/Content/EditorMaterials/ParticleSystems/PSysThumbnail_NoImage.uasset" 184
"../../../Engine/Content/EditorMaterials/ParticleSystems/PSysThumbnail_OOD.uasset" 185
"../../../Engine/Content/EditorMaterials/Camera/CineMat.uasset" 186
"../../../Engine/Content/EditorMaterials/Camera/MI_CineMat_Rig.uasset" 187
"../../../Engine/Content/EditorMeshes/Camera/SM_CraneRig_Arm.uasset" 188
"../../../Engine/Content/EditorMeshes/Camera/SM_CraneRig_Base.uasset" 189
"../../../Engine/Content/EditorMeshes/Camera/SM_CraneRig_Body.uasset" 190
"../../../Engine/Content/EditorMeshes/Camera/SM_CraneRig_Mount.uasset" 191
"../../../Engine/Content/EditorMeshes/Camera/SM_RailRig_Mount.uasset" 192
"../../../Engine/Content/EditorMeshes/Camera/SM_RailRig_Track.uasset" 193
"../../../Engine/Content/EditorResources/BSPVertex.uasset" 194
"../../../Engine/Content/EditorResources/EmptyActor.uasset" 195
"../../../Engine/Content/EditorResources/S_Actor.uasset" 196
"../../../Engine/Content/EditorResources/S_Note.uasset" 197
"../../../Engine/Content/EditorResources/S_Solver.uasset" 198
"../../../Engine/Content/EditorResources/S_Terrain.uasset" 199
"../../../Engine/Content/EditorResources/S_Trigger.uasset" 200
"../../../Engine/Content/EditorResources/SequenceRecorder/Countdown.uasset" 201
"../../../Engine/Content/EditorResources/SequenceRecorder/RecordingIndicator.uasset" 202
"../../../Engine/Content/EngineDamageTypes/DmgTypeBP_Environmental.uasset" 203
"../../../Engine/Content/EngineDebugMaterials/DebugEditorMaterial.uasset" 204
"../../../Engine/Content/EngineDebugMaterials/DebugMeshMaterial.uasset" 205
"../../../Engine/Content/EngineDebugMaterials/M_SimpleUnlitTranslucent.uasset" 206
"../../../Engine/Content/EngineDebugMaterials/VolumeToRender.uasset" 207
"../../../Engine/Content/Functions/Engine_MaterialFunctions02/Utility/CameraDirectionVector.uasset" 208
"../../../Engine/Content/EngineDebugMaterials/M_VolumeRenderSphereTracePP.uasset" 209
"../../../Engine/Content/Functions/Engine_MaterialFunctions01/Shading/ConvertFromDiffSpec.uasset" 210
"../../../Engine/Content/EngineDebugMaterials/VertexColorMaterial.uasset" 211
"../../../Engine/Content/EngineDebugMaterials/WireframeMaterial.uasset" 212
"../../../Engine/Content/EngineMaterials/BaseFlattenNormalMap.uasset" 213
"../../../Engine/Content/EngineMaterials/BaseFlattenGrayscaleMap.uasset" 214
"../../../Engine/Content/EngineMaterials/BaseFlattenEmissiveMap.uasset" 215
"../../../Engine/Content/EngineMaterials/BaseFlattenDiffuseMap.uasset" 216
"../../../Engine/Content/EngineMaterials/BaseFlattenMaterial.uasset" 217
"../../../Engine/Content/EngineMaterials/BlueNoise.uasset" 218
"../../../Engine/Content/EngineMaterials/DefaultBloomKernel.uasset" 219
"../../../Engine/Content/EngineMaterials/DefaultBokeh.uasset" 220
"../../../Engine/Content/EngineMaterials/DefaultDiffuse.uasset" 221
"../../../Engine/Content/EngineMaterials/DefaultDeferredDecalMaterial.uasset" 222
"../../../Engine/Content/EngineMaterials/DefaultLightFunctionMaterial.uasset" 223
"../../../Engine/Content/Functions/Engine_MaterialFunctions02/Utility/BreakOutFloat2Components.uasset" 224
"../../../Engine/Content/EngineMaterials/DefaultPostProcessMaterial.uasset" 225
"../../../Engine/Content/EngineFonts/RobotoDistanceField.uasset" 226
"../../../Engine/Content/EngineMaterials/DefaultTextMaterialOpaque.uasset" 227
"../../../Engine/Content/EngineMaterials/DefaultWhiteGrid_Low.uasset" 228
"../../../Engine/Content/EngineMaterials/EmissiveMeshMaterial.uasset" 229
"../../../Engine/Content/EngineMaterials/GizmoMaterial.uasset" 230
"../../../Engine/Content/EngineMaterials/Good64x64TilingNoiseHighFreq.uasset" 231
"../../../Engine/Content/EngineMaterials/MiniFont.uasset" 232
"../../../Engine/Content/EngineMaterials/InvalidLightmapSettings.uasset" 233
"../../../Engine/Content/EngineMaterials/M_InvalidLightmapSettings.uasset" 234
"../../../Engine/Content/Functions/Engine_MaterialFunctions02/WorldPositionOffset/CameraOffset.uasset" 235
"../../../Engine/Content/EngineMaterials/PhAT_JointLimitMaterial.uasset" 236
"../../../Engine/Content/EngineMaterials/PreintegratedSkinBRDF.uasset" 237
"../../../Engine/Content/EngineMaterials/RemoveSurfaceMaterial.uasset" 238
"../../../Engine/Content/EngineMaterials/WeightMapPlaceholderTexture.uasset" 239
"../../../Engine/Content/EngineResources/WhiteSquareTexture.uasset" 240
"../../../Engine/Content/EngineMaterials/Widget3DPassThrough.uasset" 241
"../../../Engine/Content/EngineMaterials/Widget3DPassThrough_Masked.uasset" 242
"../../../Engine/Content/EngineMaterials/Widget3DPassThrough_Opaque.uasset" 243
"../../../Engine/Content/EngineMaterials/Widget3DPassThrough_Masked_OneSided.uasset" 244
"../../../Engine/Content/EngineMaterials/Widget3DPassThrough_Opaque_OneSided.uasset" 245
"../../../Engine/Content/EngineMaterials/Widget3DPassThrough_Translucent.uasset" 246
"../../../Engine/Content/EngineMaterials/Widget3DPassThrough_Translucent_OneSided.uasset" 247
"../../../Engine/Content/EngineMeshes/Cylinder.uasset" 248
"../../../Engine/Content/EngineMeshes/Sphere.uasset" 249
"../../../Engine/Content/EngineResources/DefaultTextureCube.uasset" 250
"../../../Engine/Content/EngineResources/DefaultVolumeTexture2D.uasset" 251
"../../../Engine/Content/EngineResources/DefaultVolumeTexture.uasset" 252
"../../../Engine/Content/EngineResources/GradientTexture0.uasset" 253
"../../../Engine/Content/EngineSky/VolumetricClouds/T_NoiseShape64.uasset" 254
"../../../Engine/Content/EngineSky/VolumetricClouds/T_VolumeNoiseShape64.uasset" 255
"../../../Engine/Content/EngineSky/VolumetricClouds/T_NoiseErosion.uasset" 256
"../../../Engine/Content/EngineSky/VolumetricClouds/T_VolumeNoiseErosion32.uasset" 257
"../../../Engine/Content/EngineSky/VolumetricClouds/CloudWeatherTexture.uasset" 258
"../../../Engine/Content/EngineSky/VolumetricClouds/CloudGradientTexture.uasset" 259
"../../../Engine/Content/Functions/Engine_MaterialFunctions02/Utility/MakeFloat2.uasset" 260
"../../../Engine/Content/EngineSky/VolumetricClouds/m_SimpleVolumetricCloud.uasset" 261
"../../../Engine/Content/EngineSky/VolumetricClouds/m_SimpleVolumetricCloud_Inst.uasset" 262
"../../../Engine/Content/EngineSounds/Master.uasset" 263
"../../../Engine/Content/Functions/Engine_MaterialFunctions01/Shading/PowerToRoughness.uasset" 264
"../../../Engine/Content/Maps/Templates/Thumbnails/Default.uasset" 265
"../../../Engine/Content/Maps/Templates/Thumbnails/TimeOfDay.uasset" 266
"../../../Engine/Content/Maps/Templates/Thumbnails/VR-Basic.uasset" 267
"../../../Engine/Content/MobileResources/T_MobileControls_texture.uasset" 268
"../../../Engine/Content/MobileResources/T_MobileMenu2.uasset" 269
"../../../Engine/Content/MobileResources/HUD/AnalogHat.uasset" 270
"../../../Engine/Content/MobileResources/HUD/VirtualJoystick_Thumb.uasset" 271
"../../../Engine/Content/MobileResources/HUD/VirtualJoystick_Background.uasset" 272
"../../../Engine/Content/MobileResources/HUD/DefaultVirtualJoysticks.uasset" 273
"../../../Engine/Content/MobileResources/HUD/LeftVirtualJoystickOnly.uasset" 274
"../../../Engine/Content/MobileResources/HUD/MobileHUDButton1_off.uasset" 275
"../../../Engine/Content/MobileResources/HUD/MobileHUDButton1_on.uasset" 276
"../../../Engine/Content/MobileResources/HUD/MobileHUDButton2_off.uasset" 277
"../../../Engine/Content/MobileResources/HUD/MobileHUDButton2_on.uasset" 278
"../../../Engine/Content/MobileResources/HUD/MobileHUDButton3.uasset" 279
"../../../Engine/Content/MobileResources/HUD/MobileHUDButtonFire.uasset" 280
"../../../Engine/Content/MobileResources/HUD/MobileHUDDirectionPad.uasset" 281
"../../../Engine/Content/MobileResources/HUD/MobileHUDDirectionPad2.uasset" 282
"../../../Engine/Content/MobileResources/HUD/MobileHUDDirectionPad3.uasset" 283
"../../../Engine/Content/MobileResources/HUD/MobileHUDDirectionStick.uasset" 284
"../../../Engine/Content/MobileResources/HUD/T_Castle_ThumbstickInner.uasset" 285
"../../../Engine/Content/MobileResources/HUD/T_Castle_ThumbstickOutter.uasset" 286
"../../../Engine/Content/Tutorial/ContentIntroCurve.uasset" 287
"../../../Engine/Content/Tutorial/Basics/LevelEditorAttract.uasset" 288
"../../../Engine/Content/VREditor/TransformGizmo/TranslucentTransformGizmoMaterial.uasset" 289
"../../../Engine/Content/VREditor/LaserPointer/VR_LaserPower_01.uasset" 290
"../../../Engine/Content/VREditor/TransformGizmo/TransformGizmoMaterial.uasset" 291
"../../../Engine/Content/VREditor/TransformGizmo/BoundingBoxCorner.uasset" 292
"../../../Engine/Content/VREditor/TransformGizmo/BoundingBoxEdge.uasset" 293
"../../../Engine/Content/VREditor/TransformGizmo/PlaneTranslationHandle.uasset" 294
"../../../Engine/Content/VREditor/TransformGizmo/Xray.uasset" 295
"../../../Engine/Content/VREditor/TransformGizmo/Main.uasset" 296
"../../../Engine/Content/VREditor/TransformGizmo/SM_Sequencer_Key.uasset" 297
"../../../Engine/Content/VREditor/TransformGizmo/SM_Sequencer_Node.uasset" 298
"../../Plugins/2D/Paper2D/Content/PlaceholderTextures/DummySpriteTexture.uasset" 299
"../../Plugins/2D/Paper2D/Content/DummySprite.uasset" 300
"../../Plugins/2D/Paper2D/Content/DefaultPaperTerrainMaterial.uasset" 301
"../../Plugins/2D/Paper2D/Content/DefaultSpriteMaterial.uasset" 302
"../../Plugins/2D/Paper2D/Content/MaskedUnlitSpriteMaterial.uasset" 303
"../../Plugins/2D/Paper2D/Content/OpaqueUnlitSpriteMaterial.uasset" 304
"../../../Engine/Content/Functions/Engine_MaterialFunctions02/Utility/BreakOutFloat3Components.uasset" 305
"../../Plugins/Editor/SpeedTreeImporter/Content/SpeedTree9/UnpackInteger3.uasset" 306
"../../Plugins/Editor/SpeedTreeImporter/Content/SpeedTree9/UnpackDirection.uasset" 307
"../../Plugins/Editor/SpeedTreeImporter/Content/SpeedTree9/game_wind_noise.uasset" 308
"../../../Engine/Content/Functions/Engine_MaterialFunctions02/SafeNormalize.uasset" 309
"../../Plugins/Editor/SpeedTreeImporter/Content/SpeedTree9/SpeedTreeWindMotion.uasset" 310
"../../Plugins/Editor/SpeedTreeImporter/Content/SpeedTree9/SpeedTreeBranchMotion.uasset" 311
"../../../Engine/Content/Functions/Engine_MaterialFunctions02/ObjectLocalBounds.uasset" 312
"../../../Engine/Content/Functions/Engine_MaterialFunctions02/UVs/BoundingBoxBased_0-1_UVW.uasset" 313
"../../Plugins/Editor/SpeedTreeImporter/Content/SpeedTree9/SpeedTreeWind.uasset" 314
"../../Plugins/Editor/SpeedTreeImporter/Content/SpeedTree9/SpeedTreeBillboard.uasset" 315
"../../../Engine/Content/EngineResources/DefaultTexture.uasset" 316
"../../Plugins/Editor/SpeedTreeImporter/Content/SpeedTree9/SpeedTreeBillboardMaster.uasset" 317
"../../Plugins/Editor/SpeedTreeImporter/Content/SpeedTree9/SpeedTreeCameraFacing.uasset" 318
"../../Plugins/Editor/SpeedTreeImporter/Content/SpeedTree9/SpeedTreeMaster.uasset" 319
"../../Plugins/Experimental/Water/Content/Curves/FloatCurve_WaterBodyIsland.uasset" 320
"../../Plugins/Experimental/Water/Content/Icons/WaterBodyLakeSprite.uasset" 321
"../../Plugins/Experimental/Water/Content/Icons/WaterSprite.uasset" 322
"../../Plugins/Experimental/Water/Content/Meshes/RiverMesh.uasset" 323
"../../Plugins/Experimental/Water/Content/Waves/GerstnerWaves_Ocean.uasset" 324
"../../Plugins/Marketplace/BlockoutToolsPlugin/Content/Meshes/SM_Blockout_Cone_Q4.uasset" 325
"../../Plugins/Marketplace/BlockoutToolsPlugin/Content/Meshes/SM_Blockout_Cone_Q3.uasset" 326
"../../Plugins/Marketplace/BlockoutToolsPlugin/Content/Meshes/SM_Blockout_Cone_Q2.uasset" 327
"../../Plugins/Marketplace/BlockoutToolsPlugin/Content/Meshes/SM_Blockout_Cone_Q1.uasset" 328
"../../Plugins/Marketplace/BlockoutToolsPlugin/Content/Blueprints/Utility/BlockoutToolsFunctions.uasset" 329
"../../Plugins/Marketplace/BlockoutToolsPlugin/Content/Blueprints/Blockout_Cone.uasset" 330
"../../Plugins/Marketplace/BlockoutToolsPlugin/Content/Meshes/SM_Blockout_Curved_Corner_Outer_Q4.uasset" 331
"../../Plugins/Marketplace/BlockoutToolsPlugin/Content/Meshes/SM_Blockout_Curved_Corner_Outer_Q3.uasset" 332
"../../Plugins/Marketplace/BlockoutToolsPlugin/Content/Meshes/SM_Blockout_Curved_Corner_Outer_Q2.uasset" 333
"../../Plugins/Marketplace/BlockoutToolsPlugin/Content/Meshes/SM_Blockout_Curved_Corner_Outer_Q1.uasset" 334
"../../Plugins/Marketplace/BlockoutToolsPlugin/Content/Meshes/SM_Blockout_Curved_Corner_Inner_Q4.uasset" 335
"../../Plugins/Marketplace/BlockoutToolsPlugin/Content/Meshes/SM_Blockout_Curved_Corner_Inner_Q3.uasset" 336
"../../Plugins/Marketplace/BlockoutToolsPlugin/Content/Meshes/SM_Blockout_Curved_Corner_Inner_Q2.uasset" 337
"../../Plugins/Marketplace/BlockoutToolsPlugin/Content/Meshes/SM_Blockout_Curved_Corner_Inner_Q1.uasset" 338
"../../Plugins/Marketplace/BlockoutToolsPlugin/Content/Blueprints/Blockout_Corner_Curved.uasset" 339
"../../Plugins/Marketplace/BlockoutToolsPlugin/Content/Meshes/SM_Blockout_Corner_Ramp.uasset" 340
"../../Plugins/Marketplace/BlockoutToolsPlugin/Content/Blueprints/Blockout_Corner_Ramp.uasset" 341
"../../Plugins/Marketplace/BlockoutToolsPlugin/Content/Meshes/SM_Blockout_Cylinder_Q4.uasset" 342
"../../Plugins/Marketplace/BlockoutToolsPlugin/Content/Meshes/SM_Blockout_Cylinder_Q3.uasset" 343
"../../Plugins/Marketplace/BlockoutToolsPlugin/Content/Meshes/SM_Blockout_Cylinder_Q2.uasset" 344
"../../Plugins/Marketplace/BlockoutToolsPlugin/Content/Meshes/SM_Blockout_Cylinder_Q1.uasset" 345
"../../Plugins/Marketplace/BlockoutToolsPlugin/Content/Blueprints/Blockout_Cylinder.uasset" 346
"../../Plugins/Marketplace/BlockoutToolsPlugin/Content/Meshes/SM_Blockout_Box.uasset" 347
"../../Plugins/Marketplace/BlockoutToolsPlugin/Content/Blueprints/Blockout_Doorway.uasset" 348
"../../Plugins/Marketplace/BlockoutToolsPlugin/Content/Meshes/SM_Blockout_Railing_Pole.uasset" 349
"../../Plugins/Marketplace/BlockoutToolsPlugin/Content/Meshes/SM_Blockout_Railing_Open.uasset" 350
"../../Plugins/Marketplace/BlockoutToolsPlugin/Content/Meshes/SM_Blockout_Railing_Closed.uasset" 351
"../../Plugins/Marketplace/BlockoutToolsPlugin/Content/Blueprints/Utility/EBlockoutRailingType.uasset" 352
"../../Plugins/Marketplace/BlockoutToolsPlugin/Content/Blueprints/Blockout_Railing.uasset" 353
"../../Plugins/Marketplace/BlockoutToolsPlugin/Content/Meshes/SM_Blockout_Ramp.uasset" 354
"../../Plugins/Marketplace/BlockoutToolsPlugin/Content/Blueprints/Blockout_Ramp.uasset" 355
"../../Plugins/Marketplace/BlockoutToolsPlugin/Content/Meshes/SM_Blockout_Box_Right.uasset" 356
"../../Plugins/Marketplace/BlockoutToolsPlugin/Content/Meshes/SM_Blockout_Box_Centered.uasset" 357
"../../Plugins/Marketplace/BlockoutToolsPlugin/Content/Blueprints/Utility/EBlockoutAlignment.uasset" 358
"../../Plugins/Marketplace/BlockoutToolsPlugin/Content/Blueprints/Blockout_Skewbox.uasset" 359
"../../Plugins/Marketplace/BlockoutToolsPlugin/Content/Meshes/SM_Blockout_Sphere_Q4.uasset" 360
"../../Plugins/Marketplace/BlockoutToolsPlugin/Content/Meshes/SM_Blockout_Sphere_Q3.uasset" 361
"../../Plugins/Marketplace/BlockoutToolsPlugin/Content/Meshes/SM_Blockout_Sphere_Q2.uasset" 362
"../../Plugins/Marketplace/BlockoutToolsPlugin/Content/Meshes/SM_Blockout_Sphere_Q1.uasset" 363
"../../Plugins/Marketplace/BlockoutToolsPlugin/Content/Meshes/SM_Blockout_Hemisphere_Q4.uasset" 364
"../../Plugins/Marketplace/BlockoutToolsPlugin/Content/Meshes/SM_Blockout_Hemisphere_Q3.uasset" 365
"../../Plugins/Marketplace/BlockoutToolsPlugin/Content/Meshes/SM_Blockout_Hemisphere_Q2.uasset" 366
"../../Plugins/Marketplace/BlockoutToolsPlugin/Content/Meshes/SM_Blockout_Hemisphere_Q1.uasset" 367
"../../Plugins/Marketplace/BlockoutToolsPlugin/Content/Blueprints/Blockout_Sphere.uasset" 368
"../../Plugins/Marketplace/BlockoutToolsPlugin/Content/Meshes/SM_Blockout_Step_Sloped_Centered.uasset" 369
"../../Plugins/Marketplace/BlockoutToolsPlugin/Content/Meshes/SM_Blockout_Step_Box_Centered.uasset" 370
"../../Plugins/Marketplace/BlockoutToolsPlugin/Content/Blueprints/Utility/EBlockoutStairsType.uasset" 371
"../../Plugins/Marketplace/BlockoutToolsPlugin/Content/Blueprints/Blockout_Stairs_Curved.uasset" 372
"../../Plugins/Marketplace/BlockoutToolsPlugin/Content/Meshes/SM_Blockout_Step_Sloped_Linear.uasset" 373
"../../Plugins/Marketplace/BlockoutToolsPlugin/Content/Meshes/SM_Blockout_Step_Box.uasset" 374
"../../Plugins/Marketplace/BlockoutToolsPlugin/Content/Blueprints/Blockout_Stairs_Linear.uasset" 375
"../../Plugins/Marketplace/BlockoutToolsPlugin/Content/Blueprints/Blockout_Stairs_Linear_Manual.uasset" 376
"../../Plugins/Marketplace/BlockoutToolsPlugin/Content/Blueprints/Blockout_Tube.uasset" 377
"../../Plugins/Marketplace/BlockoutToolsPlugin/Content/Blueprints/Blockout_Window.uasset" 378
"../../../Engine/Content/Functions/Engine_MaterialFunctions01/Gradient/LinearGradient.uasset" 379
"../../../Engine/Content/Functions/Engine_MaterialFunctions01/ImageAdjustment/CheapContrast.uasset" 380
"../../../Engine/Content/EngineMaterials/T_Default_Normal.uasset" 381
"../../../Engine/Content/Functions/Engine_MaterialFunctions02/Utility/VectorLength.uasset" 382
"../../../Engine/Content/Functions/Engine_MaterialFunctions02/WorldPositionOffset/ObjectScale.uasset" 383
"../../Plugins/Marketplace/BlockoutToolsPlugin/Content/Materials/Functions/MF_Blockout_Triplanar_Normal.uasset" 384
"../../../Engine/Content/EngineMaterials/T_Default_BaseColor.uasset" 385
"../../Plugins/Marketplace/BlockoutToolsPlugin/Content/Materials/Functions/MF_Blockout_Triplanar.uasset" 386
"../../Plugins/Marketplace/BlockoutToolsPlugin/Content/Materials/M_BlockoutTools_Custom.uasset" 387
"../../Plugins/Marketplace/BlockoutToolsPlugin/Content/Materials/MI_BlockoutTools_Custom.uasset" 388
"../../Plugins/Marketplace/BlockoutToolsPlugin/Content/Textures/T_Blockout_Actor_Icon.uasset" 389
"../../../Engine/Content/BasicShapes/Cylinder.uasset" 390
"../../../Engine/Content/ArtTools/RenderToTexture/Materials/Debug/M_Emissive_Color.uasset" 391
"../../Plugins/Lumin/MagicLeapPassableWorld/Content/MagicLeapARPinInfoActor.uasset" 392
"../../../Engine/Content/Functions/Engine_MaterialFunctions02/Utility/BreakOutFloat4Components.uasset" 393
"../../../Engine/Content/Functions/Engine_MaterialFunctions02/Utility/MakeFloat3.uasset" 394
"../../Plugins/Runtime/Oculus/OculusVR/Content/Materials/OculusMR_ChromaKey.uasset" 395
"../../Plugins/Runtime/Oculus/OculusVR/Content/Materials/OculusMR_OpaqueColoredMaterial.uasset" 396
"../../Plugins/Runtime/Oculus/OculusVR/Content/Materials/PokeAHoleMaterial.uasset" 397
"../../../../GameDev/Z. Projects/SRPG/Content/SRPG/Blueprints/BP_SRPGGameInstance.uasset" 398
"../../../../GameDev/Z. Projects/SRPG/Content/SRPG/Blueprints/MenuSystem/Templates/WBP_YesNoPopUp.uasset" 399
"../../../../GameDev/Z. Projects/SRPG/Content/SRPG/Blueprints/MenuSystem/MainMenu/WBP_ContinueGameInfo.uasset" 400
"../../../../GameDev/Z. Projects/SRPG/Content/SRPG/Blueprints/MenuSystem/MainMenu/WBP_ContinueGameMenu.uasset" 401
"../../../../GameDev/Z. Projects/SRPG/Content/SRPG/Blueprints/MenuSystem/MainMenu/WBP_NewGameMenu.uasset" 402
"../../../../GameDev/Z. Projects/SRPG/Content/SRPG/Blueprints/MenuSystem/MainMenu/WBP_MainMenu.uasset" 403
"../../../../GameDev/Z. Projects/SRPG/Content/SRPG/Blueprints/MenuSystem/MainMenu/WBP_JoinGameInfo.uasset" 404
"../../../../GameDev/Z. Projects/SRPG/Content/SRPG/Blueprints/MenuSystem/Templates/WBP_Throbber.uasset" 405
"../../../../GameDev/Z. Projects/SRPG/Content/SRPG/Blueprints/MenuSystem/Templates/WBP_InfoPopUp.uasset" 406
"../../../../GameDev/Z. Projects/SRPG/Content/SRPG/Blueprints/MenuSystem/MainMenu/WBP_JoinGameMenu.uasset" 407
"../../../../GameDev/Z. Projects/SRPG/Content/SRPG/Blueprints/MenuSystem/MainMenu/WBP_MainMenuContainer.uasset" 408
"../../../../GameDev/Z. Projects/SRPG/Content/SRPG/Blueprints/MenuSystem/MainMenu/BP_MainMenuPawn.uasset" 409
"../../../../GameDev/Z. Projects/SRPG/Content/SRPG/Blueprints/MenuSystem/MainMenu/BP_MainMenuGameMode.uasset" 410
"../../../../GameDev/Z. Projects/SRPG/Content/SRPG/Levels/MainMenu_TestMap.umap" 411
"../../../../GameDev/Z. Projects/SRPG/Content/TestContent/Meshes/SM_LevelWall.uasset" 412
"../../../../GameDev/Z. Projects/SRPG/Content/TestContent/Meshes/SM_LevelFloor.uasset" 413
"../../../Engine/Content/EngineSky/T_Sky_Stars.uasset" 414
"../../../../GameDev/Z. Projects/SRPG/Content/SRPG/Blueprints/ItemSystem/BP_StorageBase.uasset" 415
"../../../Engine/Content/EngineSky/T_Sky_Clouds_M.uasset" 416
"../../../Engine/Content/EngineSky/T_Sky_Blue.uasset" 417
"../../../Engine/Content/EngineSky/M_Sky_Panning_Clouds2.uasset" 418
"../../../../GameDev/Z. Projects/SRPG/Content/SRPG/Levels/Pickups_TestingMap_BuiltData.uasset" 419
"../../../../GameDev/Z. Projects/SRPG/Content/TestContent/Materials/MI_Black.uasset" 420
"../../../../GameDev/Z. Projects/SRPG/Content/TestContent/Meshes/SM_Chest_LP.uasset" 421
"../../../../GameDev/Z. Projects/SRPG/Content/TestContent/Blueprints/BP_TestChest.uasset" 422
"../../../Engine/Content/EngineSky/SM_SkySphere.uasset" 423
"../../../Engine/Content/EngineSky/C_Sky_Zenith_Color.uasset" 424
"../../../Engine/Content/EngineSky/C_Sky_Horizon_Color.uasset" 425
"../../../Engine/Content/EngineSky/C_Sky_Cloud_Color.uasset" 426
"../../../Engine/Content/EngineSky/BP_Sky_Sphere.uasset" 427
"../../../../GameDev/Z. Projects/SRPG/Content/SRPG/Levels/Pickups_TestingMap.umap" 428
"../../../Engine/Content/EngineMaterials/DefaultPhysicalMaterial.uasset" 429
"../../../../GameDev/Z. Projects/SRPG/Content/SRPG/Levels/Template_Map_BuiltData.uasset" 430
"../../../../GameDev/Z. Projects/SRPG/Content/SRPG/Blueprints/InteractionSystem/MI_OutlinPostProcess.uasset" 431
"../../../../GameDev/Z. Projects/SRPG/Content/SRPG/Levels/Template_Map.umap" 432
"../../Plugins/Experimental/Water/Content/Waves/GerstnerWaves_Lake.uasset" 433
"../../Plugins/Experimental/Water/Content/Meshes/LakeMesh.uasset" 434
"../../../../GameDev/Z. Projects/SRPG/Content/TestContent/Meshes/Grass.uasset" 435
"../../../Engine/Content/EngineMaterials/DefaultWhiteGrid.uasset" 436
"../../../Engine/Content/EngineMaterials/BlendFunc_DefBlend.uasset" 437
"../../../Engine/Content/EngineMaterials/BlendFunc_DefBase.uasset" 438
"../../../Engine/Content/EditorMaterials/T_1x1_Grid.uasset" 439
"../../Plugins/Marketplace/BlockoutToolsPlugin/Content/Textures/T_Blockout_Grid.uasset" 440
"../../Plugins/Experimental/Water/Content/Textures/Foam/T_WaterFlow_01_Foam_Tiled_N.uasset" 441
"../../Plugins/Experimental/Water/Content/Textures/Foam/T_WaterFlow_01_Foam_Tiled.uasset" 442
"../../Plugins/Experimental/Water/Content/FluidSimulation/WaveFoam/FoamRT.uasset" 443
"../../Plugins/Experimental/Water/Content/FluidSimulation/WaveFoam/WaterDistanceField.uasset" 444
"../../Plugins/Experimental/Water/Content/Textures/Normals/T_Water_TilingNormal_With_Height_02_Softened.uasset" 445
"../../../Engine/Content/EngineResources/Black.uasset" 446
"../../Plugins/Experimental/Water/Content/Materials/Functions/HighQualityTextureFiltering.uasset" 447
"../../Plugins/Experimental/Water/Content/Materials/MPC/MPC_Water.uasset" 448
"../../../Engine/Content/Functions/Engine_MaterialFunctions02/PivotPainter2/Black_1x1_EXR_Texture.uasset" 449
"../../Plugins/Experimental/Water/Content/Materials/Functions/WaterBodyData.uasset" 450
"../../../Engine/Content/Functions/Engine_MaterialFunctions03/Procedurals/NormalFromHeightmap.uasset" 451
"../../../Engine/Content/Functions/Engine_MaterialFunctions02/Texturing/HeightLerp.uasset" 452
"../../../Engine/Content/Functions/Engine_MaterialFunctions01/Gradient/BoxMask-2D.uasset" 453
"../../../Engine/Content/EngineSky/VolumetricClouds/T_NoiseShape.uasset" 454
"../../../Engine/Content/EngineSky/VolumetricClouds/T_VolumeNoiseShape128.uasset" 455
"../../Plugins/Experimental/Water/Content/Materials/Layers/BeachFoam.uasset" 456
"../../Plugins/Experimental/Water/Content/Materials/Functions/WaveVelocityMask.uasset" 457
"../../../Engine/Content/Functions/Engine_MaterialFunctions01/Texturing/FlattenNormal.uasset" 458
"../../../Engine/Content/Functions/Engine_MaterialFunctions02/ExampleContent/Textures/water_n.uasset" 459
"../../../Engine/Content/Functions/Engine_MaterialFunctions02/ExampleContent/Textures/water_d.uasset" 460
"../../../Engine/Content/Functions/Engine_MaterialFunctions02/ExampleContent/Textures/LowResBlurredNoise.uasset" 461
"../../../Engine/Content/Functions/Engine_MaterialFunctions02/Math/AddComponents.uasset" 462
"../../../Engine/Content/Functions/Engine_MaterialFunctions02/Math/MakeVectorsOrthogonal.uasset" 463
"../../../Engine/Content/EngineMaterials/DefaultNormal.uasset" 464
"../../../Engine/Content/Functions/Engine_MaterialFunctions02/Utility/LinearSine.uasset" 465
"../../../Engine/Content/Functions/Engine_MaterialFunctions01/Texturing/ComputeMipLevel.uasset" 466
"../../../Engine/Content/Functions/Engine_MaterialFunctions02/Math/Transform3x3Matrix.uasset" 467
"../../../Engine/Content/Functions/Engine_MaterialFunctions02/Math/TimeWithSpeedVariable.uasset" 468
"../../../Engine/Content/Functions/Engine_MaterialFunctions02/Texturing/Flowmaps.uasset" 469
"../../../Engine/Content/Functions/Engine_MaterialFunctions01/Coordinates/WorldPosition-XY.uasset" 470
"../../Plugins/Experimental/Water/Content/Materials/Functions/WaterRiverFlowmaps.uasset" 471
"../../Plugins/Experimental/Water/Content/Materials/Functions/WaterOpacityMaskFromDepth.uasset" 472
"../../Plugins/Experimental/Water/Content/Materials/Functions/WaterHeightMappingVS.uasset" 473
"../../Plugins/Experimental/Water/Content/Materials/Functions/WaterCoefficientMask.uasset" 474
"../../Plugins/Experimental/Water/Content/FluidSimulation/Materials/Functions/Fluidsim_WorldPosition_to_UV.uasset" 475
"../../../Engine/Content/Functions/Engine_MaterialFunctions01/Opacity/AlphaOffset.uasset" 476
"../../Plugins/Experimental/Water/Content/Materials/Functions/SampleFluidSimulation.uasset" 477
"../../Plugins/Experimental/Water/Content/Materials/Functions/ComputeWavesAttenuationFactor.uasset" 478
"../../Plugins/Experimental/Water/Content/Materials/Functions/WaveDepthFalloff_Overrides.uasset" 479
"../../Plugins/Experimental/Water/Content/Materials/Layers/WaterAttributes.uasset" 480
"../../Plugins/Experimental/Water/Content/Materials/Functions/WaterTextureWaves.uasset" 481
"../../Plugins/Experimental/Water/Content/Materials/Functions/WaterTextureSurface.uasset" 482
"../../Plugins/Experimental/Water/Content/Materials/Functions/Water_Underside.uasset" 483
"../../Plugins/Experimental/Water/Content/Materials/Functions/SetWaveAttributes.uasset" 484
"../../Plugins/Experimental/Water/Content/Materials/Functions/WorldPositionBehindWater.uasset" 485
"../../Plugins/Experimental/Water/Content/Materials/Functions/WorldNormalBehindWater.uasset" 486
"../../Plugins/Experimental/Water/Content/Materials/Functions/GetWaterTime.uasset" 487
"../../Plugins/Experimental/Water/Content/Materials/Functions/ComputeGerstnerWaves.uasset" 488
"../../Plugins/Experimental/Water/Content/Caustics/Materials/Functions/GetDistortionUV.uasset" 489
"../../Plugins/Experimental/Water/Content/Caustics/Materials/Functions/WaterCaustics_GerstnerWaves.uasset" 490
"../../Plugins/Experimental/Landmass/Content/Landscape/BlueprintBrushes/MPC/MPC_Landscape.uasset" 491
"../../Plugins/Experimental/Water/Content/Materials/WaterSurface/Water_Material.uasset" 492
"../../Plugins/Experimental/Water/Content/Materials/WaterSurface/Water_Material_Inst.uasset" 493
"../../Plugins/Experimental/Water/Content/Materials/WaterSurface/Water_Material_Lake.uasset" 494
"../../../Engine/Content/Functions/Engine_MaterialFunctions01/AlphaBlend/WorldAlignedBlend.uasset" 495
"../../../../GameDev/Z. Projects/SRPG/Content/TestContent/Enviornment/M_LandscapeMaterial.uasset" 496
"../../../../GameDev/Z. Projects/SRPG/Content/TestContent/Enviornment/M_LandscapeMaterial_Inst.uasset" 497
"../../../Engine/Content/Functions/Engine_MaterialFunctions03/Blends/Blend_Screen.uasset" 498
"../../Plugins/Marketplace/BlockoutToolsPlugin/Content/Materials/Functions/MF_Blockout_Grid.uasset" 499
"../../Plugins/Marketplace/BlockoutToolsPlugin/Content/Materials/Functions/MF_Blockout_Triplanar_Grid.uasset" 500
"../../Plugins/Marketplace/BlockoutToolsPlugin/Content/Materials/M_BlockoutTools_Grid.uasset" 501
"../../Plugins/Marketplace/BlockoutToolsPlugin/Content/Materials/MI_BlockoutTools_Grid.uasset" 502
"../../../Engine/Content/Functions/Engine_MaterialFunctions02/ExampleContent/Textures/DebugNumberPeriod.uasset" 503
"../../../Engine/Content/Functions/Engine_MaterialFunctions02/ExampleContent/DebugNumberStrip.uasset" 504
"../../../Engine/Content/Functions/Engine_MaterialFunctions01/Volumetrics/SchlickPhase.uasset" 505
"../../../Engine/Content/Functions/Engine_MaterialFunctions01/Texturing/TextureCropping.uasset" 506
"../../../Engine/Content/Functions/Engine_MaterialFunctions02/Utility/DebugScalarValues.uasset" 507
"../../../Engine/Content/Functions/Engine_MaterialFunctions01/Texturing/ScaleUVsByCenter.uasset" 508
"../../../Engine/Content/Functions/Engine_MaterialFunctions02/ScreenResolution.uasset" 509
"../../../Engine/Content/Functions/Engine_MaterialFunctions02/Texturing/ScreenAlignedUVs.uasset" 510
"../../Plugins/Experimental/Water/Content/Materials/PostProcessing/M_UnderWater_PostProcess_Volume.uasset" 511
"../../Plugins/Experimental/Landmass/Content/Landscape/Mats/MF/SmoothTerracing.uasset" 512
"../../Plugins/Experimental/Landmass/Content/Landscape/Mats/MF/SmoothIntersections.uasset" 513
"../../../Engine/Content/Functions/Engine_MaterialFunctions02/WorldPositionOffset/GenerateASpline.uasset" 514
"../../../Engine/Content/MapTemplates/TilingNoise05.uasset" 515
"../../Plugins/Experimental/Landmass/Content/Landscape/Mats/MF/CatmullRomTexture.uasset" 516
"../../../Engine/Content/Functions/Engine_MaterialFunctions01/Math/SmoothCeil.uasset" 517
"../../Plugins/Experimental/Landmass/Content/Landscape/Mats/MF/BrushTerracing.uasset" 518
"../../../Engine/Content/Functions/Engine_MaterialFunctions01/ImageAdjustment/SCurve.uasset" 519
"../../Plugins/Experimental/Landmass/Content/Landscape/Mats/MF/BrushDisplaceMask.uasset" 520
"../../Plugins/Experimental/Landmass/Content/Landscape/Mats/MF/BrushBlendModes.uasset" 521
"../../../Engine/Content/EngineResources/Black_Low.uasset" 522
"../../Plugins/Experimental/Landmass/Content/Landscape/Mats/MF/BrushAlphaMask.uasset" 523
"../../Plugins/Experimental/Landmass/Content/Landscape/Mats/MF/UnpackRG8Height.uasset" 524
"../../Plugins/Experimental/Landmass/Content/Landscape/BlueprintBrushes/MF/PointSampleLandscapeUVs.uasset" 525
"../../Plugins/Experimental/Landmass/Content/Landscape/BlueprintBrushes/MF/ReadCachedDistanceField.uasset" 526
"../../Plugins/Experimental/Landmass/Content/Landscape/BlueprintBrushes/MF/PackRG8Height.uasset" 527
"../../Plugins/Experimental/Water/Content/Materials/Brushes/MeshBrush_Width.uasset" 528
"../../Plugins/Experimental/Water/Content/Materials/Brushes/MeshBrush_Weightmap.uasset" 529
"../../Plugins/Experimental/Landmass/Content/Landscape/BlueprintBrushes/MF/BrushBlendModes.uasset" 530
"../../Plugins/Experimental/Landmass/Content/Landscape/Curves/DynamicCurve_RT.uasset" 531
"../../Plugins/Experimental/Water/Content/Materials/Brushes/MeshBrush_Island.uasset" 532
"../../Plugins/Experimental/Landmass/Content/Landscape/BlueprintBrushes/MF/SmoothIntersections.uasset" 533
"../../Plugins/Experimental/Landmass/Content/Landscape/BlueprintBrushes/MF/BrushTerracing.uasset" 534
"../../Plugins/Experimental/Landmass/Content/Landscape/BlueprintBrushes/MF/BrushDisplaceMask.uasset" 535
"../../Plugins/Experimental/Landmass/Content/Landscape/BlueprintBrushes/MF/BrushAlphaMask.uasset" 536
"../../Plugins/Experimental/Water/Content/Materials/Brushes/MeshBrush_Angle.uasset" 537
"../../Plugins/Experimental/Landmass/Content/Landscape/BlueprintBrushes/MF/UnpackRG8Height.uasset" 538
"../../Plugins/Experimental/Water/Content/Materials/Brushes/FinalizeWaterTexture.uasset" 539
"../../Plugins/Experimental/Landmass/Content/Landscape/BlueprintBrushes/MF/LocalizeLandscapeZValue.uasset" 540
"../../Plugins/Experimental/Water/Content/Materials/Brushes/CompositeWaterBodyTexture.uasset" 541
"../../Plugins/Experimental/Water/Content/Materials/Brushes/CanvasDrawing.uasset" 542
"../../../Engine/Content/Functions/Engine_MaterialFunctions02/TangentBasis.uasset" 543
"../../Plugins/Experimental/Landmass/Content/Landscape/BlueprintBrushes/Materials/RenderSplineDepths.uasset" 544
"../../Plugins/Experimental/Landmass/Content/Landscape/Mats/MPC/MPC_Erosion.uasset" 545
"../../Plugins/Experimental/Landmass/Content/Landscape/BlueprintBrushes/MF/SampleDistanceField.uasset" 546
"../../Plugins/Experimental/Landmass/Content/Landscape/BlueprintBrushes/Materials/CacheDistanceField.uasset" 547
"../../Plugins/Experimental/Landmass/Content/DistanceFields/Materials/JumpFloodStep.uasset" 548
"../../Plugins/Experimental/Landmass/Content/Landscape/Textures/LS_Debug_RT_01.uasset" 549
"../../Plugins/Experimental/Landmass/Content/DistanceFields/Materials/DetectEdges.uasset" 550
"../../Plugins/Experimental/Landmass/Content/DistanceFields/Materials/BlurEdges.uasset" 551
"../../../../GameDev/Z. Projects/SRPG/Content/SRPG/Levels/WorldSystem_TestMap_BuiltData.uasset" 552
"../../../../GameDev/Z. Projects/SRPG/Content/TestContent/Meshes/SM_TestMesh.uasset" 553
"../../../../GameDev/Z. Projects/SRPG/Content/SRPG/Characters/UE4Character/Mesh/ModularParts/SKM_UE4Man_TestMesh.uasset" 554
"../../../../GameDev/Z. Projects/SRPG/Content/SRPG/Blueprints/EquipmentSystem/BP_WearableBase.uasset" 555
"../../../../GameDev/Z. Projects/SRPG/Content/TestContent/Blueprints/BP_TestPickupMesh.uasset" 556
"../../../../GameDev/Z. Projects/SRPG/Content/TestContent/Meshes/SM_CraftingTable.uasset" 557
"../../../../GameDev/Z. Projects/SRPG/Content/SRPG/Blueprints/ItemSystem/BP_CraftingStationBase.uasset" 558
"../../../../GameDev/Z. Projects/SRPG/Content/TestContent/Blueprints/BP_TestCraftingStation.uasset" 559
"../../../../GameDev/Z. Projects/SRPG/Content/TestContent/Meshes/TestBackup.uasset" 560
"../../../../GameDev/Z. Projects/SRPG/Content/TestContent/Blueprints/BP_TestBackpack.uasset" 561
"../../Plugins/Experimental/Water/Content/Curves/FloatCurve.uasset" 562
"../../Plugins/Marketplace/BlockoutToolsPlugin/Content/Blueprints/Blockout_Box.uasset" 563
"../../../../GameDev/Z. Projects/SRPG/Content/SRPG/Blueprints/EquipmentSystem/SM_EquipmentMannequinBox.uasset" 564
"../../../../GameDev/Z. Projects/SRPG/Content/SRPG/Blueprints/EquipmentSystem/M_EquipmentMannequinBox.uasset" 565
"../../../../GameDev/Z. Projects/SRPG/Content/SRPG/Blueprints/EquipmentSystem/M_EquipmentMannequinBox_Inst.uasset" 566
"../../../../GameDev/Z. Projects/SRPG/Content/SRPG/Blueprints/EquipmentSystem/BP_EquipmentMannequin.uasset" 567
"../../../../GameDev/Z. Projects/SRPG/Content/SRPG/Levels/WorldSystem_TestMap.umap" 568
"../../../Engine/Content/Maps/Entry_BuiltData.uasset" 569
"../../../Engine/Content/Maps/Entry.umap" 570
